[2013-09-27 08:31:28] [ERROR] -> could not load import file: No such file or directory - tmp/ftp.state
[2013-09-27 08:46:26] [FATAL] -> monitor detected issue on test case #5667
[2013-09-27 08:46:26] [FATAL] -> primitive has no name, type: delim, default value:  
[2013-09-27 08:46:26] [FATAL] -> crash dump:
1: 2013-09-27 08:46:26 <00048> firmware FortiGate-VM v5.00.4,build0228b228,130809 (Release)
2: 2013-09-27 08:46:26 <00048> application proxyworker
3: 2013-09-27 08:46:26 <00048> *** signal 11 (Segmentation fault) received ***
4: 2013-09-27 08:46:26 <00048> Register dump:
5: 2013-09-27 08:46:26 <00048> EAX: 0a0cc2e0   EBX: 00000000   ECX: 4132a208    EDX: 00000000
6: 2013-09-27 08:46:26 <00048> ESI: 00000004   EDI: 00000009   EBP: bffffc58    ESP: bffffc58
7: 2013-09-27 08:46:26 <00048> EIP: 0820c2e0   EFLAGS: 00010246
8: 2013-09-27 08:46:26 <00048> CS: 0073   DS: 007b   ES: 007b   FS: 0000   GS: 0033   SS: 007b
9: 2013-09-27 08:46:26 <00048> Trap: 0000000e   Error: 00000004   OldMask: 00000000
10: 2013-09-27 08:46:26 <00048> ESP/signal: bffffc58   CR2: 00000000
11: 2013-09-27 08:46:26 <00048> Backtrace:
12: 2013-09-27 08:46:26 <00048> [0x0820c2e0] => /bin/proxyworker  
13: 2013-09-27 08:46:26 <00048> [0x0820d89b] => /bin/proxyworker  
14: 2013-09-27 08:46:26 <00048> [0x08213d94] => /bin/proxyworker  
15: 2013-09-27 08:46:26 <00048> [0x0820e16d] => /bin/proxyworker  
16: 2013-09-27 08:46:26 <00048> [0x0820f1d3] => /bin/proxyworker  
17: 2013-09-27 08:46:26 <00048> [0x08876918] => /bin/proxyworker  
18: 2013-09-27 08:46:26 <00048> [0x080770ca] => /bin/proxyworker  
19: 2013-09-27 08:46:26 <00048> [0x08075695] => /bin/proxyworker  
20: 2013-09-27 08:46:26 <00048> [0x400bf3e5] => ../lib/libc.so.6 (__libc_start_main+0x000000f5) 
21: 2013-09-27 08:46:26 liboffset 000193e5
22: 2013-09-27 08:46:26 <00048> [0x080758c1] => /bin/proxyworker  
23: 2013-09-27 08:46:26 <00042> proxyapp=proxyworker000 pid=48 exittype=signal code=11
24: 2013-09-27 08:46:26 <00042> total=2019 free=728 shmfs_total=1660 shmfs_free=1640

FortiGate-VM # 
[2013-09-27 08:46:26] [FATAL] -> monitor detected issue on test case #5668
[2013-09-27 08:46:26] [FATAL] -> primitive has no name, type: string, default value: fuzz
[2013-09-27 08:46:26] [FATAL] -> crash dump:
1: 2013-09-27 08:46:26 <06070> firmware FortiGate-VM v5.00.4,build0228b228,130809 (Release)
2: 2013-09-27 08:46:26 <06070> application proxyworker
3: 2013-09-27 08:46:26 <06070> *** signal 11 (Segmentation fault) received ***
4: 2013-09-27 08:46:26 <06070> Register dump:
5: 2013-09-27 08:46:26 <06070> EAX: 0a0540f0   EBX: 00000000   ECX: 40db200f    EDX: 00000000
6: 2013-09-27 08:46:26 <06070> ESI: 00000004   EDI: 00000009   EBP: bffffc58    ESP: bffffc58
7: 2013-09-27 08:46:26 <06070> EIP: 0820c2e0   EFLAGS: 00010246
8: 2013-09-27 08:46:26 <06070> CS: 0073   DS: 007b   ES: 007b   FS: 0000   GS: 0033   SS: 007b
9: 2013-09-27 08:46:26 <06070> Trap: 0000000e   Error: 00000004   OldMask: 00000000
10: 2013-09-27 08:46:26 <06070> ESP/signal: bffffc58   CR2: 00000000
11: 2013-09-27 08:46:26 <06070> Backtrace:
12: 2013-09-27 08:46:26 <06070> [0x0820c2e0] => /bin/proxyworker  
13: 2013-09-27 08:46:26 <06070> [0x0820d89b] => /bin/proxyworker  
14: 2013-09-27 08:46:26 <06070> [0x08213d94] => /bin/proxyworker  
15: 2013-09-27 08:46:26 <06070> [0x0820e16d] => /bin/proxyworker  
16: 2013-09-27 08:46:26 <06070> [0x0820f1d3] => /bin/proxyworker  
17: 2013-09-27 08:46:26 <06070> [0x08876918] => /bin/proxyworker  
18: 2013-09-27 08:46:26 <06070> [0x080770ca] => /bin/proxyworker  
19: 2013-09-27 08:46:26 <06070> [0x08075695] => /bin/proxyworker  
20: 2013-09-27 08:46:26 <06070> [0x400bf3e5] => ../lib/libc.so.6 (__libc_start_main+0x000000f5) 
21: 2013-09-27 08:46:26 liboffset 000193e5
22: 2013-09-27 08:46:26 <06070> [0x080758c1] => /bin/proxyworker  
23: 2013-09-27 08:46:26 <00042> proxyapp=proxyworker000 pid=6070 exittype=signal code=11
24: 2013-09-27 08:46:26 <00042> total=2019 free=739 shmfs_total=1660 shmfs_free=1652

FortiGate-VM # 
[2013-09-27 08:46:31] [FATAL] -> monitor detected issue on test case #5710
[2013-09-27 08:46:31] [FATAL] -> primitive has no name, type: string, default value: fuzz
[2013-09-27 08:46:31] [FATAL] -> crash dump:
1: 2013-09-27 08:46:31 <06071> firmware FortiGate-VM v5.00.4,build0228b228,130809 (Release)
2: 2013-09-27 08:46:31 <06071> application proxyworker
3: 2013-09-27 08:46:31 <06071> *** signal 11 (Segmentation fault) received ***
4: 2013-09-27 08:46:31 <06071> Register dump:
5: 2013-09-27 08:46:31 <06071> EAX: 0a05f4c0   EBX: 00000000   ECX: 40dbc0d7    EDX: 00000000
6: 2013-09-27 08:46:31 <06071> ESI: 00000004   EDI: 00000009   EBP: bffffc58    ESP: bffffc58
7: 2013-09-27 08:46:31 <06071> EIP: 0820c2e0   EFLAGS: 00010246
8: 2013-09-27 08:46:31 <06071> CS: 0073   DS: 007b   ES: 007b   FS: 0000   GS: 0033   SS: 007b
9: 2013-09-27 08:46:31 <06071> Trap: 0000000e   Error: 00000004   OldMask: 00000000
10: 2013-09-27 08:46:31 <06071> ESP/signal: bffffc58   CR2: 00000000
11: 2013-09-27 08:46:31 <06071> Backtrace:
12: 2013-09-27 08:46:31 <06071> [0x0820c2e0] => /bin/proxyworker  
13: 2013-09-27 08:46:31 <06071> [0x0820d89b] => /bin/proxyworker  
14: 2013-09-27 08:46:31 <06071> [0x08213d94] => /bin/proxyworker  
15: 2013-09-27 08:46:31 <06071> [0x0820e16d] => /bin/proxyworker  
16: 2013-09-27 08:46:31 <06071> [0x0820f1d3] => /bin/proxyworker  
17: 2013-09-27 08:46:31 <06071> [0x08876918] => /bin/proxyworker  
18: 2013-09-27 08:46:31 <06071> [0x080770ca] => /bin/proxyworker  
19: 2013-09-27 08:46:31 <06071> [0x08075695] => /bin/proxyworker  
20: 2013-09-27 08:46:31 <06071> [0x400bf3e5] => ../lib/libc.so.6 (__libc_start
[2013-09-27 09:33:16] [ERROR] -> write failed - Broken pipe
[2013-09-27 09:34:10] [ERROR] -> write failed - Broken pipe
[2013-09-27 09:34:36] [ERROR] -> write failed - Broken pipe
[2013-09-27 10:35:10] [FATAL] -> monitor detected issue on test case #29277
[2013-09-27 10:35:10] [FATAL] -> primitive has no name, type: delim, default value:  
[2013-09-27 10:35:10] [FATAL] -> crash dump:
1: 2013-09-27 10:35:10 <06078> firmware FortiGate-VM v5.00.4,build0228b228,130809 (Release)
2: 2013-09-27 10:35:10 <06078> application proxyworker
3: 2013-09-27 10:35:10 <06078> *** signal 11 (Segmentation fault) received ***
4: 2013-09-27 10:35:10 <06078> Register dump:
5: 2013-09-27 10:35:10 <06078> EAX: 0911a878   EBX: 40244ff4   ECX: 40d80000    EDX: 00000000
6: 2013-09-27 10:35:10 <06078> ESI: 00000000   EDI: 0000000a   EBP: 00000003    ESP: bffffc30
7: 2013-09-27 10:35:10 <06078> EIP: 401d185b   EFLAGS: 00010283
8: 2013-09-27 10:35:10 <06078> CS: 0073   DS: 007b   ES: 007b   FS: 0000   GS: 0033   SS: 007b
9: 2013-09-27 10:35:10 <06078> Trap: 0000000e   Error: 00000004   OldMask: 00000000
10: 2013-09-27 10:35:10 <06078> ESP/signal: bffffc30   CR2: 00000000
11: 2013-09-27 10:35:10 <06078> Backtrace:
12: 2013-09-27 10:35:10 <06078> [0x401d185b] => ../lib/libc.so.6  liboffset 0012b85b
13: 2013-09-27 10:35:10 <06078> [0x0820c354] => /bin/proxyworker  
14: 2013-09-27 10:35:10 <06078> [0x0820d89b] => /bin/proxyworker  
15: 2013-09-27 10:35:10 <06078> [0x08213d94] => /bin/proxyworker  
16: 2013-09-27 10:35:10 <06078> [0x0820e16d] => /bin/proxyworker  
17: 2013-09-27 10:35:10 <06078> [0x0820f1d3] => /bin/proxyworker  
18: 2013-09-27 10:35:10 <06078> [0x08876918] => /bin/proxyworker  
19: 2013-09-27 10:35:10 <06078> [0x080770ca] => /bin/proxyworker  
20: 2013-09-27 10:35:10 <06078> [0x08075695] => /bin/proxywo
[2013-09-27 10:35:13] [FATAL] -> monitor detected issue on test case #29286
[2013-09-27 10:35:13] [FATAL] -> primitive has no name, type: delim, default value:  
[2013-09-27 10:35:13] [FATAL] -> crash dump:
diag debug crash read
1: 2013-09-27 10:35:12 <06102> firmware FortiGate-VM v5.00.4,build0228b228,130809 (Release)
2: 2013-09-27 10:35:12 <06102> application proxyworker
3: 2013-09-27 10:35:12 <06102> *** signal 11 (Segmentation fault) received ***
4: 2013-09-27 10:35:12 <06102> Register dump:
5: 2013-09-27 10:35:12 <06102> EAX: 0911a878   EBX: 40244ff4   ECX: 40d80000    EDX: 00000000
6: 2013-09-27 10:35:12 <06102> ESI: 00000000   EDI: 0000000a   EBP: 00000003    ESP: bffffc30
7: 2013-09-27 10:35:12 <06102> EIP: 401d185b   EFLAGS: 00010283
8: 2013-09-27 10:35:12 <06102> CS: 0073   DS: 007b   ES: 007b   FS: 0000   GS: 0033   SS: 007b
9: 2013-09-27 10:35:12 <06102> Trap: 0000000e   Error: 00000004   OldMask: 00000000
10: 2013-09-27 10:35:12 <06102> ESP/signal: bffffc30   CR2: 00000000
11: 2013-09-27 10:35:12 <06102> Backtrace:
12: 2013-09-27 10:35:12 <06102> [0x401d185b] => ../lib/libc.so.6  liboffset 0012b85b
13: 2013-09-27 10:35:12 <06102> [0x0820c354] => /bin/proxyworker  
14: 2013-09-27 10:35:12 <06102> [0x0820d89b] => /bin/proxyworker  
15: 2013-09-27 10:35:12 <06102> [0x08213d94] => /bin/proxyworker  
16: 2013-09-27 10:35:12 <06102> [0x0820e16d] => /bin/proxyworker  
17: 2013-09-27 10:35:12 <06102> [0x0820f1d3] => /bin/proxyworker  
18: 2013-09-27 10:35:12 <06102> [0x08876918] => /bin/proxyworker  
19: 2013-09-27 10:35:12 <06102> [0x080770ca] => /bin/proxyworker  
20: 2013-09-27 10:35:12 <06102> [0x08075695] => /bin/proxyworker  
21: 2013-09-27 10:35:12 <06102> [0x400bf3e5] => ../lib/libc.so.6 (__libc_start_main+0x000000f5) 
22: 2013-09-27 10:35:12 liboffset 000193e5
23: 2013-09-27 10:35:12 <06102> [0x080758c1] => /bin/proxyworker  
24: 2013-09-27 10:35:12 <00042> proxyapp=proxyworker000 pid=6102 exittype=signal code=11
25: 2013-09-27 10:35:12 <00042> total=2019 free=699 shmfs_total=1660 shmfs_free=1652

FortiGate-VM # 
[2013-09-27 10:35:13] [FATAL] -> monitor detected issue on test case #29287
[2013-09-27 10:35:13] [FATAL] -> primitive has no name, type: delim, default value:  
[2013-09-27 10:35:13] [FATAL] -> crash dump:
1: 2013-09-27 10:35:13 <06104> firmware FortiGate-VM v5.00.4,build0228b228,130809 (Release)
2: 2013-09-27 10:35:13 <06104> application proxyworker
3: 2013-09-27 10:35:13 <06104> *** signal 11 (Segmentation fault) received ***
4: 2013-09-27 10:35:13 <06104> Register dump:
5: 2013-09-27 10:35:13 <06104> EAX: 0911a878   EBX: 40244ff4   ECX: 40d80000    EDX: 00000000
6: 2013-09-27 10:35:13 <06104> ESI: 00000000   EDI: 0000000a   EBP: 00000003    ESP: bffffc30
7: 2013-09-27 10:35:13 <06104> EIP: 401d185b   EFLAGS: 00010283
8: 2013-09-27 10:35:13 <06104> CS: 0073   DS: 007b   ES: 007b   FS: 0000   GS: 0033   SS: 007b
9: 2013-09-27 10:35:13 <06104> Trap: 0000000e   Error: 00000004   OldMask: 00000000
10: 2013-09-27 10:35:13 <06104> ESP/signal: bffffc30   CR2: 00000000
11: 2013-09-27 10:35:13 <06104> Backtrace:
12: 2013-09-27 10:35:13 <06104> [0x401d185b] => ../lib/libc.so.6  liboffset 0012b85b
13: 2013-09-27 10:35:13 <06104> [0x0820c354] => /bin/proxyworker  
14: 2013-09-27 10:35:13 <06104> [0x0820d89b] => /bin/proxyworker  
15: 2013-09-27 10:35:13 <06104> [0x08213d94] => /bin/proxyworker  
16: 2013-09-27 10:35:13 <06104> [0x0820e16d] => /bin/proxyworker  
17: 2013-09-27 10:35:13 <06104> [0x0820f1d3] => /bin/proxyworker  
18: 2013-09-27 10:35:13 <06104> [0x08876918] => /bin/proxyworker  
19: 2013-09-27 10:35:13 <06104> [0x080770ca] => /bin/proxyworker  
20: 2013-09-27 10:35:13 <06104> [0x08075695] => /bin/proxyworker  
21: 2013-09-27 10:35:13 <06104> [0x400bf3e5] => ../lib/libc.so.6 (__libc_start_main+0x000000f5) 
22: 2013-09-27 10:35:13 liboffset 000193e5
23: 2013-09-27 10:35:13 <06104> [0x080758c1] => /bin/proxyworker  
24: 2013-09-27 10:35:13 <00042> proxyapp=proxyworker000 pid=6104 exittype=signal code=11
25: 2013-09-27 10:35:13 <00042> total=2019 free=699 shmfs_total=1660 shmfs_free=1652

FortiGate-VM # 
[2013-09-27 10:35:13] [ERROR] -> crash threshold reached for this primitive, exhausting 29 mutants
[2013-09-27 10:35:13] [FATAL] -> monitor detected issue on test case #29317
[2013-09-27 10:35:13] [FATAL] -> primitive has no name, type: string, default value: fuzz
[2013-09-27 10:35:13] [FATAL] -> crash dump:
1: 2013-09-27 10:35:13 <06105> firmware FortiGate-VM v5.00.4,build0228b228,130809 (Release)
2: 2013-09-27 10:35:13 <06105> application proxyworker
3: 2013-09-27 10:35:13 <06105> *** signal 11 (Segmentation fault) received ***
4: 2013-09-27 10:35:13 <06105> Register dump:
5: 2013-09-27 10:35:13 <06105> EAX: 0911a878   EBX: 40244ff4   ECX: 40d80000    EDX: 00000000
6: 2013-09-27 10:35:13 <06105> ESI: 00000000   EDI: 0000000a   EBP: 00000003    ESP: bffffc30
7: 2013-09-27 10:35:13 <06105> EIP: 401d185b   EFLAGS: 00010283
8: 2013-09-27 10:35:13 <06105> CS: 0073   DS: 007b   ES: 007b   FS: 0000   GS: 0033   SS: 007b
9: 2013-09-27 10:35:13 <06105> Trap: 0000000e   Error: 00000004   OldMask: 00000000
10: 2013-09-27 10:35:13 <06105> ESP/signal: bffffc30   CR2: 00000000
11: 2013-09-27 10:35:13 <06105> Backtrace:
12: 2013-09-27 10:35:13 <06105> [0x401d185b] => ../lib/libc.so.6  liboffset 0012b85b
13: 2013-09-27 10:35:13 <06105> [0x0820c354] => /bin/proxyworker  
14: 2013-09-27 10:35:13 <06105> [0x0820d89b] => /bin/proxyworker  
15: 2013-09-27 10:35:13 <06105> [0x08213d94] => /bin/proxyworker  
16: 2013-09-27 10:35:13 <06105> [0x0820e16d] => /bin/proxyworker  
17: 2013-09-27 10:35:13 <06105> [0x0820f1d3] => /bin/proxyworker  
18: 2013-09-27 10:35:13 <06105> [0x08876918] => /bin/proxyworker  
19: 2013-09-27 10:35:13 <06105> [0x080770ca] => /bin/proxyworker  
20: 2013-09-27 10:35:13 <06105> [0x08075695] => /bin/proxywo
[2013-09-27 10:35:27] [FATAL] -> monitor detected issue on test case #29359
[2013-09-27 10:35:27] [FATAL] -> primitive has no name, type: string, default value: fuzz
[2013-09-27 10:35:27] [FATAL] -> crash dump:
1: 2013-09-27 10:35:26 <06106> firmware FortiGate-VM v5.00.4,build0228b228,130809 (Release)
2: 2013-09-27 10:35:26 <06106> application proxyworker
3: 2013-09-27 10:35:26 <06106> *** signal 11 (Segmentation fault) received ***
4: 2013-09-27 10:35:26 <06106> Register dump:
5: 2013-09-27 10:35:26 <06106> EAX: 0911a878   EBX: 40244ff4   ECX: 40d80000    EDX: 00000000
6: 2013-09-27 10:35:26 <06106> ESI: 00000000   EDI: 0000000a   EBP: 00000003    ESP: bffffc30
7: 2013-09-27 10:35:26 <06106> EIP: 401d185b   EFLAGS: 00010283
8: 2013-09-27 10:35:26 <06106> CS: 0073   DS: 007b   ES: 007b   FS: 0000   GS: 0033   SS: 007b
9: 2013-09-27 10:35:26 <06106> Trap: 0000000e   Error: 00000004   OldMask: 00000000
10: 2013-09-27 10:35:26 <06106> ESP/signal: bffffc30   CR2: 00000000
11: 2013-09-27 10:35:26 <06106> Backtrace:
12: 2013-09-27 10:35:26 <06106> [0x401d185b] => ../lib/libc.so.6  liboffset 0012b85b
13: 2013-09-27 10:35:26 <06106> [0x0820c354] => /bin/proxyworker  
14: 2013-09-27 10:35:26 <06106> [0x0820d89b] => /bin/proxyworker  
15: 2013-09-27 10:35:26 <06106> [0x08213d94] => /bin/proxyworker  
16: 2013-09-27 10:35:26 <06106> [0x0820e16d] => /bin/proxyworker  
17: 2013-09-27 10:35:26 <06106> [0x0820f1d3] => /bin/proxyworker  
18: 2013-09-27 10:35:26 <06106> [0x08876918] => /bin/proxyworker  
19: 2013-09-27 10:35:26 <06106> [0x080770ca] => /bin/proxyworker  
20: 2013-09-27 10:35:26 <06106> [0x08075695] => /bin/proxywo
[2013-09-27 11:41:09] [FATAL] -> monitor detected issue on test case #41641
[2013-09-27 11:41:09] [FATAL] -> primitive has no name, type: delim, default value:  
[2013-09-27 11:41:09] [FATAL] -> crash dump:
1: 2013-09-27 11:41:09 <06107> firmware FortiGate-VM v5.00.4,build0228b228,130809 (Release)
2: 2013-09-27 11:41:09 <06107> application proxyworker
3: 2013-09-27 11:41:09 <06107> *** signal 11 (Segmentation fault) received ***
4: 2013-09-27 11:41:09 <06107> Register dump:
5: 2013-09-27 11:41:09 <06107> EAX: 0a053ca0   EBX: 00000000   ECX: 40d8b012    EDX: 00000000
6: 2013-09-27 11:41:09 <06107> ESI: 00000008   EDI: 00000009   EBP: bffffc58    ESP: bffffc58
7: 2013-09-27 11:41:09 <06107> EIP: 0820c2e0   EFLAGS: 00010246
8: 2013-09-27 11:41:09 <06107> CS: 0073   DS: 007b   ES: 007b   FS: 0000   GS: 0033   SS: 007b
9: 2013-09-27 11:41:09 <06107> Trap: 0000000e   Error: 00000004   OldMask: 00000000
10: 2013-09-27 11:41:09 <06107> ESP/signal: bffffc58   CR2: 00000000
11: 2013-09-27 11:41:09 <06107> Backtrace:
12: 2013-09-27 11:41:09 <06107> [0x0820c2e0] => /bin/proxyworker  
13: 2013-09-27 11:41:09 <06107> [0x0820d89b] => /bin/proxyworker  
14: 2013-09-27 11:41:09 <06107> [0x08213d94] => /bin/proxyworker  
15: 2013-09-27 11:41:09 <06107> [0x0820e16d] => /bin/proxyworker  
16: 2013-09-27 11:41:09 <06107> [0x0820f1d3] => /bin/proxyworker  
17: 2013-09-27 11:41:09 <06107> [0x08876918] => /bin/proxyworker  
18: 2013-09-27 11:41:09 <06107> [0x080770ca] => /bin/proxyworker  
19: 2013-09-27 11:41:09 <06107> [0x08075695] => /bin/proxyworker  
20: 2013-09-27 11:41:09 <06107> [0x400bf3e5] => ../lib/libc.so.6 (__libc_start_main+0x000000f5) 
21: 2013-09-27 11:41:09 liboffset 000193e5
22: 2013-09-27 11:41:09 <06107> [0x080758c1] => /bin/proxyworker  
23: 2013-09-27 11:41:09 <00042> proxyapp=proxyworker000 pid=6107 exittype=signal code=11
24: 2013-09-27 11:41:09 <00042> total=2019 free=659 shmfs_total=1660 shmfs_free=1652

FortiGate-VM # 
[2013-09-27 11:41:09] [ERROR] -> crash threshold reached for this primitive, exhausting 39 mutants
[2013-09-27 11:41:09] [FATAL] -> monitor detected issue on test case #41681
[2013-09-27 11:41:09] [FATAL] -> primitive has no name, type: string, default value: fuzz
[2013-09-27 11:41:09] [FATAL] -> crash dump:
1: 2013-09-27 11:41:09 <06116> firmware FortiGate-VM v5.00.4,build0228b228,130809 (Release)
2: 2013-09-27 11:41:09 <06116> application proxyworker
3: 2013-09-27 11:41:09 <06116> *** signal 11 (Segmentation fault) received ***
4: 2013-09-27 11:41:09 <06116> Register dump:
5: 2013-09-27 11:41:09 <06116> EAX: 0a0537f8   EBX: 00000000   ECX: 40d5a00f    EDX: 00000000
6: 2013-09-27 11:41:09 <06116> ESI: 00000004   EDI: 00000009   EBP: bffffc58    ESP: bffffc58
7: 2013-09-27 11:41:09 <06116> EIP: 0820c2e0   EFLAGS: 00010246
8: 2013-09-27 11:41:09 <06116> CS: 0073   DS: 007b   ES: 007b   FS: 0000   GS: 0033   SS: 007b
9: 2013-09-27 11:41:09 <06116> Trap: 0000000e   Error: 00000004   OldMask: 00000000
10: 2013-09-27 11:41:09 <06116> ESP/signal: bffffc58   CR2: 00000000
11: 2013-09-27 11:41:09 <06116> Backtrace:
12: 2013-09-27 11:41:09 <06116> [0x0820c2e0] => /bin/proxyworker  
13: 2013-09-27 11:41:09 <06116> [0x0820d89b] => /bin/proxyworker  
14: 2013-09-27 11:41:09 <06116> [0x08213d94] => /bin/proxyworker  
15: 2013-09-27 11:41:09 <06116> [0x0820e16d] => /bin/proxyworker  
16: 2013-09-27 11:41:09 <06116> [0x0820f1d3] => /bin/proxyworker  
17: 2013-09-27 11:41:09 <06116> [0x08876918] => /bin/proxyworker  
18: 2013-09-27 11:41:09 <06116> [0x080770ca] => /bin/proxyworker  
19: 2013-09-27 11:41:09 <06116> [0x08075695] => /bin/proxyworker  
20: 2013-09-27 11:41:09 <06116> [0x400bf3e5] => ../lib/libc.so.6 (__libc_start
[2013-09-27 11:41:09] [ERROR] -> crash threshold reached for this primitive, exhausting 1076 mutants
[2013-09-27 11:48:03] [ERROR] -> write failed - Broken pipe
[2013-09-27 11:49:47] [ERROR] -> write failed - Broken pipe
[2013-09-27 11:51:35] [ERROR] -> write failed - Connection reset by peer
[2013-09-27 13:32:46] [ERROR] -> write failed - Broken pipe
[2013-09-27 13:34:03] [ERROR] -> write failed - Broken pipe
[2013-09-27 13:34:58] [ERROR] -> write failed - Broken pipe
[2013-09-27 13:35:26] [ERROR] -> write failed - Broken pipe
[2013-09-27 13:37:14] [ERROR] -> write failed - Broken pipe
[2013-09-27 13:38:49] [ERROR] -> write failed - Broken pipe
[2013-09-27 21:23:33] [ERROR] -> write failed - Broken pipe
[2013-09-27 21:23:59] [ERROR] -> write failed - Broken pipe
[2013-09-27 21:24:00] [ERROR] -> write failed - Broken pipe
[2013-09-27 21:24:26] [ERROR] -> write failed - Broken pipe
[2013-09-27 21:24:59] [ERROR] -> write failed - Broken pipe
[2013-09-27 21:24:59] [ERROR] -> write failed - Broken pipe
[2013-09-27 21:25:27] [ERROR] -> write failed - Broken pipe
[2013-09-27 21:25:27] [ERROR] -> write failed - Broken pipe
[2013-09-27 21:25:56] [ERROR] -> write failed - Broken pipe
[2013-09-27 21:25:56] [ERROR] -> write failed - Broken pipe
[2013-09-27 21:26:24] [ERROR] -> write failed - Broken pipe
[2013-09-27 21:26:24] [ERROR] -> write failed - Broken pipe
[2013-09-27 21:26:53] [ERROR] -> write failed - Broken pipe
[2013-09-27 21:26:53] [ERROR] -> write failed - Broken pipe
[2013-09-27 21:27:19] [ERROR] -> write failed - Broken pipe
[2013-09-27 21:27:19] [ERROR] -> write failed - Broken pipe
[2013-09-27 21:27:46] [ERROR] -> write failed - Broken pipe
[2013-09-27 21:28:18] [ERROR] -> write failed - Broken pipe
[2013-09-27 21:28:19] [ERROR] -> write failed - Broken pipe
[2013-09-27 21:28:47] [ERROR] -> write failed - Broken pipe
[2013-09-27 21:28:47] [ERROR] -> write failed - Broken pipe
[2013-09-27 21:29:41] [ERROR] -> write failed - Connection reset by peer
[2013-09-27 21:30:08] [ERROR] -> write failed - Broken pipe
[2013-09-27 21:32:23] [ERROR] -> write failed - Broken pipe
[2013-09-27 21:32:50] [ERROR] -> write failed - Broken pipe
[2013-09-27 21:33:17] [ERROR] -> write failed - Broken pipe
[2013-09-27 21:35:30] [ERROR] -> write failed - Broken pipe
[2013-09-27 21:36:02] [ERROR] -> write failed - Broken pipe
[2013-09-27 21:36:02] [ERROR] -> write failed - Broken pipe
[2013-09-27 21:36:31] [ERROR] -> write failed - Broken pipe
[2013-09-27 21:36:31] [ERROR] -> write failed - Broken pipe
[2013-09-27 21:36:59] [ERROR] -> write failed - Broken pipe
[2013-09-27 21:36:59] [ERROR] -> write failed - Broken pipe
[2013-09-27 21:37:39] [ERROR] -> write failed - Broken pipe
[2013-09-27 21:38:06] [ERROR] -> write failed - Broken pipe
[2013-09-27 21:39:00] [ERROR] -> write failed - Broken pipe
[2013-09-27 21:39:00] [ERROR] -> write failed - Broken pipe
[2013-09-27 22:03:17] [ERROR] -> write failed - Broken pipe
[2013-09-27 22:03:43] [ERROR] -> write failed - Broken pipe
[2013-09-27 22:03:43] [ERROR] -> write failed - Broken pipe
[2013-09-27 22:04:42] [ERROR] -> write failed - Broken pipe
[2013-09-27 22:04:43] [ERROR] -> write failed - Broken pipe
[2013-09-27 22:05:11] [ERROR] -> write failed - Broken pipe
[2013-09-27 22:05:11] [ERROR] -> write failed - Broken pipe
[2013-09-27 22:05:40] [ERROR] -> write failed - Broken pipe
[2013-09-27 22:05:40] [ERROR] -> write failed - Broken pipe
[2013-09-27 22:06:08] [ERROR] -> write failed - Broken pipe
[2013-09-27 22:06:08] [ERROR] -> write failed - Broken pipe
[2013-09-27 22:06:37] [ERROR] -> write failed - Broken pipe
[2013-09-27 22:06:37] [ERROR] -> write failed - Broken pipe
[2013-09-27 22:07:03] [ERROR] -> write failed - Broken pipe
[2013-09-27 22:07:03] [ERROR] -> write failed - Broken pipe
[2013-09-27 22:08:02] [ERROR] -> write failed - Broken pipe
[2013-09-27 22:08:02] [ERROR] -> write failed - Broken pipe
[2013-09-27 22:08:31] [ERROR] -> write failed - Broken pipe
[2013-09-27 22:08:31] [ERROR] -> write failed - Broken pipe
[2013-09-27 22:10:19] [ERROR] -> write failed - Broken pipe
[2013-09-27 22:10:20] [ERROR] -> write failed - Broken pipe
[2013-09-27 22:10:46] [ERROR] -> write failed - Broken pipe
[2013-09-27 22:10:46] [ERROR] -> write failed - Broken pipe
[2013-09-27 22:11:39] [ERROR] -> write failed - Broken pipe
[2013-09-27 22:11:39] [ERROR] -> write failed - Broken pipe
[2013-09-27 22:12:38] [ERROR] -> write failed - Broken pipe
[2013-09-27 22:12:38] [ERROR] -> write failed - Broken pipe
[2013-09-27 22:13:07] [ERROR] -> write failed - Broken pipe
[2013-09-27 22:13:07] [ERROR] -> write failed - Broken pipe
[2013-09-27 22:13:35] [ERROR] -> write failed - Broken pipe
[2013-09-27 22:13:35] [ERROR] -> write failed - Broken pipe
[2013-09-27 22:14:04] [ERROR] -> write failed - Broken pipe
[2013-09-27 22:14:32] [ERROR] -> write failed - Broken pipe
[2013-09-27 22:14:32] [ERROR] -> write failed - Broken pipe
[2013-09-27 22:14:59] [ERROR] -> write failed - Broken pipe
[2013-09-27 22:14:59] [ERROR] -> write failed - Broken pipe
[2013-09-27 22:15:26] [ERROR] -> write failed - Broken pipe
[2013-09-27 22:15:58] [ERROR] -> write failed - Broken pipe
[2013-09-27 22:15:58] [ERROR] -> write failed - Broken pipe
[2013-09-27 22:16:26] [ERROR] -> write failed - Broken pipe
[2013-09-27 22:16:27] [ERROR] -> write failed - Broken pipe
[2013-09-27 22:18:15] [ERROR] -> write failed - Broken pipe
[2013-09-27 22:18:42] [ERROR] -> write failed - Broken pipe
[2013-09-27 22:18:42] [ERROR] -> write failed - Broken pipe
[2013-09-27 22:20:29] [ERROR] -> write failed - Broken pipe
[2013-09-27 22:20:56] [ERROR] -> write failed - Broken pipe
[2013-09-27 22:22:16] [ERROR] -> write failed - Broken pipe
[2013-09-27 22:23:41] [ERROR] -> write failed - Broken pipe
[2013-09-27 22:23:42] [ERROR] -> write failed - Broken pipe
[2013-09-27 22:24:10] [ERROR] -> write failed - Broken pipe
[2013-09-27 22:24:10] [ERROR] -> write failed - Broken pipe
[2013-09-27 22:24:38] [ERROR] -> write failed - Broken pipe
[2013-09-27 22:24:39] [ERROR] -> write failed - Broken pipe
[2013-09-27 22:26:13] [ERROR] -> write failed - Broken pipe
[2013-09-27 22:26:13] [ERROR] -> connect failed - Connection refused - connect(2)
[2013-09-27 22:26:13] [ERROR] -> failed to open transport
[2013-09-27 22:26:13] [ERROR] -> connect failed - Connection refused - connect(2)
[2013-09-27 22:26:13] [ERROR] -> failed to open transport
[2013-09-27 22:26:13] [ERROR] -> connect failed - Connection refused - connect(2)
[2013-09-27 22:26:13] [ERROR] -> failed to open transport
[2013-09-27 22:26:13] [ERROR] -> connect failed - Connection refused - connect(2)
[2013-09-27 22:26:13] [ERROR] -> failed to open transport
[2013-09-27 22:26:13] [ERROR] -> connect failed - Connection refused - connect(2)
[2013-09-27 22:26:13] [ERROR] -> failed to open transport
[2013-09-27 22:26:13] [ERROR] -> connect failed - Connection refused - connect(2)
[2013-09-27 22:26:13] [ERROR] -> failed to open transport
[2013-09-27 22:26:13] [ERROR] -> connect failed - Connection refused - connect(2)
[2013-09-27 22:26:13] [ERROR] -> failed to open transport
[2013-09-27 22:26:13] [ERROR] -> connect failed - Connection refused - connect(2)
[2013-09-27 22:26:13] [ERROR] -> failed to open transport
[2013-09-27 22:26:13] [ERROR] -> connect failed - Connection refused - connect(2)
[2013-09-27 22:26:13] [ERROR] -> failed to open transport
[2013-09-27 22:26:13] [ERROR] -> connect failed - Connection refused - connect(2)
[2013-09-27 22:26:13] [ERROR] -> failed to open transport
[2013-09-27 22:26:13] [ERROR] -> connect failed - Connection refused - connect(2)
[2013-09-27 22:26:13] [ERROR] -> failed to open transport
[2013-09-27 22:26:13] [ERROR] -> connect failed - Connection refused - connect(2)
[2013-09-27 22:26:13] [ERROR] -> failed to open transport
[2013-09-27 22:26:40] [ERROR] -> write failed - Broken pipe
[2013-09-27 22:51:23] [ERROR] -> write failed - Broken pipe
[2013-09-27 22:51:23] [ERROR] -> write failed - Broken pipe
[2013-09-27 22:51:50] [ERROR] -> write failed - Broken pipe
[2013-09-27 22:52:22] [ERROR] -> write failed - Broken pipe
[2013-09-27 22:52:22] [ERROR] -> write failed - Broken pipe
[2013-09-27 22:52:50] [ERROR] -> write failed - Broken pipe
[2013-09-27 22:52:51] [ERROR] -> write failed - Broken pipe
[2013-09-27 22:53:19] [ERROR] -> write failed - Broken pipe
[2013-09-27 22:53:19] [ERROR] -> write failed - Broken pipe
[2013-09-27 22:53:48] [ERROR] -> write failed - Broken pipe
[2013-09-27 22:53:48] [ERROR] -> write failed - Broken pipe
[2013-09-27 22:54:16] [ERROR] -> write failed - Broken pipe
[2013-09-27 22:54:16] [ERROR] -> write failed - Broken pipe
[2013-09-27 22:54:46] [ERROR] -> write failed - Broken pipe
[2013-09-27 22:54:46] [ERROR] -> write failed - Broken pipe
[2013-09-27 22:54:46] [ERROR] -> write failed - Broken pipe
[2013-09-27 22:55:13] [ERROR] -> write failed - Broken pipe
[2013-09-27 22:55:13] [ERROR] -> write failed - Broken pipe
[2013-09-27 22:55:42] [ERROR] -> write failed - Broken pipe
[2013-09-27 22:55:42] [ERROR] -> write failed - Broken pipe
[2013-09-27 22:56:10] [ERROR] -> write failed - Broken pipe
[2013-09-27 22:56:10] [ERROR] -> write failed - Broken pipe
[2013-09-27 22:57:04] [ERROR] -> write failed - Connection reset by peer
[2013-09-27 22:57:32] [ERROR] -> write failed - Broken pipe
[2013-09-27 22:57:58] [ERROR] -> write failed - Broken pipe
[2013-09-27 22:57:58] [ERROR] -> write failed - Broken pipe
[2013-09-27 22:58:25] [ERROR] -> write failed - Broken pipe
[2013-09-27 22:58:26] [ERROR] -> write failed - Broken pipe
[2013-09-27 23:30:59] [ERROR] -> could not load import file: No such file or directory - tmp/ftp.state
[2013-09-27 23:43:36] [FATAL] -> monitor detected issue on test case #5667
[2013-09-27 23:43:36] [FATAL] -> primitive has no name, type: delim, default value:  
[2013-09-27 23:43:36] [FATAL] -> crash dump:
1: 2013-09-27 23:43:36 <06117> firmware FortiGate-VM v5.00.4,build0228b228,130809 (Release)
2: 2013-09-27 23:43:36 <06117> application proxyworker
3: 2013-09-27 23:43:36 <06117> *** signal 11 (Segmentation fault) received ***
4: 2013-09-27 23:43:36 <06117> Register dump:
5: 2013-09-27 23:43:36 <06117> EAX: 0a0537f8   EBX: 00000000   ECX: 40d4c208    EDX: 00000000
6: 2013-09-27 23:43:36 <06117> ESI: 00000004   EDI: 00000009   EBP: bffffc58    ESP: bffffc58
7: 2013-09-27 23:43:36 <06117> EIP: 0820c2e0   EFLAGS: 00010246

FortiGate-VM # 
[2013-09-27 23:43:36] [FATAL] -> monitor detected issue on test case #5668
[2013-09-27 23:43:36] [FATAL] -> primitive has no name, type: string, default value: fuzz
[2013-09-27 23:43:36] [FATAL] -> crash dump:
1: 2013-09-27 23:43:36 <06287> firmware FortiGate-VM v5.00.4,build0228b228,130809 (Release)
2: 2013-09-27 23:43:36 <06287> application proxyworker
3: 2013-09-27 23:43:36 <06287> *** signal 11 (Segmentation fault) received ***
4: 2013-09-27 23:43:36 <06287> Register dump:
5: 2013-09-27 23:43:36 <06287> EAX: 0a052740   EBX: 00000000   ECX: 40ca100f    EDX: 00000000
6: 2013-09-27 23:43:36 <06287> ESI: 00000004   EDI: 00000009   EBP: bffffc58    ESP: bffffc58
7: 2013-09-27 23:43:36 <06287> EIP: 0820c2e0   EFLAGS: 00010246
8: 2013-09-27 23:43:36 <06287> CS: 0073   DS: 007b   ES: 007b   FS: 0000   GS: 0033   SS: 007b
9: 2013-09-27 23:43:36 <06287> Trap: 0000000e   Error: 00000004   OldMask: 00000000
10: 2013-09-27 23:43:36 <06287> ESP/signal: bffffc58   CR2: 00000000
11: 2013-09-27 23:43:36 <06287> Backtrace:
12: 2013-09-27 23:43:36 <06287> [0x0820c2e0] => /bin/proxyworker  
13: 2013-09-27 23:43:36 <06287> [0x0820d89b] => /bin/proxyworker  
14: 2013-09-27 23:43:36 <06287> [0x08213d94] => /bin/proxyworker  
15: 2013-09-27 23:43:36 <06287> [0x0820e16d] => /bin/proxyworker  
16: 2013-09-27 23:43:36 <06287> [0x0820f1d3] => /bin/proxyworker  
17: 2013-09-27 23:43:36 <06287> [0x08876918] => /bin/proxyworker  
18: 2013-09-27 23:43:36 <06287> [0x080770ca] => /bin/proxyworker  
19: 2013-09-27 23:43:36 <06287> [0x08075695] => /bin/proxyworker  
20: 2013-09-27 23:43:36 <06287> [0x400bf3e5] => ../lib/libc.so.6 (__libc_start_main+0x000000f5) 
21: 2013-09-27 23:43:36 liboffset 000193e5
22: 2013-09-27 23:43:36 <06287> [0x080758c1] => /bin/proxyworker  
23: 2013-09-27 23:43:36 <00042> proxyapp=proxyworker000 pid=6287 exittype=signal code=11
24: 2013-09-27 23:43:36 <00042> total=2019 free=516 shmfs_total=1660 shmfs_free=1654

FortiGate-VM # 
[2013-09-27 23:43:41] [FATAL] -> monitor detected issue on test case #5710
[2013-09-27 23:43:41] [FATAL] -> primitive has no name, type: string, default value: fuzz
[2013-09-27 23:43:41] [FATAL] -> crash dump:
1: 2013-09-27 23:43:41 <06288> firmware FortiGate-VM v5.00.4,build0228b228,130809 (Release)
2: 2013-09-27 23:43:41 <06288> application proxyworker
3: 2013-09-27 23:43:41 <06288> *** signal 11 (Segmentation fault) received ***
4: 2013-09-27 23:43:41 <06288> Register dump:
5: 2013-09-27 23:43:41 <06288> EAX: 0a052748   EBX: 00000000   ECX: 40ca10d7    EDX: 00000000
6: 2013-09-27 23:43:41 <06288> ESI: 00000004   EDI: 00000009   EBP: bffffc58    ESP: bffffc58
7: 2013-09-27 23:43:41 <06288> EIP: 0820c2e0   EFLAGS: 00010246
8: 2013-09-27 23:43:41 <06288> CS: 0073   DS: 007b   ES: 007b   FS: 0000   GS: 0033   SS: 007b
9: 2013-09-27 23:43:41 <06288> Trap: 0000000e   Error: 00000004   OldMask: 00000000
10: 2013-09-27 23:43:41 <06288> ESP/signal: bffffc58   CR2: 00000000
11: 2013-09-27 23:43:41 <06288> Backtrace:
12: 2013-09-27 23:43:41 <06288> [0x0820c2e0] => /bin/proxyworker  
13: 2013-09-27 23:43:41 <06288> [0x0820d89b] => /bin/proxyworker  
14: 2013-09-27 23:43:41 <06288> [0x08213d94] => /bin/proxyworker  
15: 2013-09-27 23:43:41 <06288> [0x0820e16d] => /bin/proxyworker  
16: 2013-09-27 23:43:41 <06288> [0x0820f1d3] => /bin/proxyworker  
17: 2013-09-27 23:43:41 <06288> [0x08876918] => /bin/proxyworker  
18: 2013-09-27 23:43:41 <06288> [0x080770ca] => /bin/proxyworker  
19: 2013-09-27 23:43:41 <06288> [0x08075695] => /bin/proxyworker  
20: 2013-09-27 23:43:41 <06288> [0x400bf3e5] => ../lib/libc.so.6 (__libc_start_main+0x000000f5) 
21: 2013-09-27 23:43:41 liboffset 000193e5
22: 2013-09-27 23:43:41 <06288> [0x080758c1] => /bin/proxyworker  
23: 2013-09-27 23:43:41 <00042> proxyapp=proxyworker000 pid=6288 exittype=signal code=11
24: 2013-09-27 23:43:41 <00042> total=2019 free=515 shmfs_total=1660 shmfs_free=1654

FortiGate-VM # 
[2013-09-27 23:54:25] [ERROR] -> write failed - Broken pipe
[2013-09-28 00:24:11] [ERROR] -> write failed - Broken pipe
[2013-09-28 00:25:28] [ERROR] -> write failed - Broken pipe
[2013-09-28 00:26:20] [ERROR] -> write failed - Broken pipe
[2013-09-28 00:27:11] [ERROR] -> write failed - Connection reset by peer
[2013-09-28 00:28:29] [ERROR] -> write failed - Broken pipe
[2013-09-28 00:29:20] [ERROR] -> write failed - Broken pipe
[2013-09-28 01:28:47] [FATAL] -> monitor detected issue on test case #29277
[2013-09-28 01:28:47] [FATAL] -> primitive has no name, type: delim, default value:  
[2013-09-28 01:28:47] [FATAL] -> crash dump:
1: 2013-09-28 01:28:47 <06289> firmware FortiGate-VM v5.00.4,build0228b228,130809 (Release)
2: 2013-09-28 01:28:47 <06289> application proxyworker
3: 2013-09-28 01:28:47 <06289> *** signal 11 (Segmentation fault) received ***
4: 2013-09-28 01:28:47 <06289> Register dump:
5: 2013-09-28 01:28:47 <06289> EAX: 0911a878   EBX: 40244ff4   ECX: 40c90000    EDX: 00000000
6: 2013-09-28 01:28:47 <06289> ESI: 00000000   EDI: 0000000a   EBP: 00000003    ESP: bffffc30
7: 2013-09-28 01:28:47 <06289> EIP: 401d185b   EFLAGS: 00010283
8: 2013-09-28 01:28:47 <06289> CS: 0073   DS: 007b   ES: 007b   FS: 0000   GS: 0033   SS: 007b
9: 2013-09-28 01:28:47 <06289> Trap: 0000000e   Error: 00000004   OldMask: 00000000
10: 2013-09-28 01:28:47 <06289> ESP/signal: bffffc30   CR2: 00000000
11: 2013-09-28 01:28:47 <06289> Backtrace:
12: 2013-09-28 01:28:47 <06289> [0x401d185b] => ../lib/libc.so.6  liboffset 0012b85b
13: 2013-09-28 01:28:47 <06289> [0x0820c354] => /bin/proxyworker  
14: 2013-09-28 01:28:47 <06289> [0x0820d89b] => /bin/proxyworker  
15: 2013-09-28 01:28:47 <06289> [0x08213d94] => /bin/proxyworker  
16: 2013-09-28 01:28:47 <06289> [0x0820e16d] => /bin/proxyworker  
17: 2013-09-28 01:28:47 <06289> [0x0820f1d3] => /bin/proxyworker  
18: 2013-09-28 01:28:47 <06289> [0x08876918] => /bin/proxyworker  
19: 2013-09-28 01:28:47 <06289> [0x080770ca] => /bin/proxyworker  
20: 2013-09-28 01:28:47 <06289> [0x08075695] => /bin/proxywo
[2013-09-28 01:28:49] [FATAL] -> monitor detected issue on test case #29286
[2013-09-28 01:28:49] [FATAL] -> primitive has no name, type: delim, default value:  
[2013-09-28 01:28:49] [FATAL] -> crash dump:
diag debug crash read
1: 2013-09-28 01:28:49 <06314> firmware FortiGate-VM v5.00.4,build0228b228,130809 (Release)
2: 2013-09-28 01:28:49 <06314> application proxyworker
3: 2013-09-28 01:28:49 <06314> *** signal 11 (Segmentation fault) received ***
4: 2013-09-28 01:28:49 <06314> Register dump:
5: 2013-09-28 01:28:49 <06314> EAX: 0911a878   EBX: 40244ff4   ECX: 40c40000    EDX: 00000000
6: 2013-09-28 01:28:49 <06314> ESI: 00000000   EDI: 0000000a   EBP: 00000003    ESP: bffffc30
7: 2013-09-28 01:28:49 <06314> EIP: 401d185b   EFLAGS: 00010283
8: 2013-09-28 01:28:49 <06314> CS: 0073   DS: 007b   ES: 007b   FS: 0000   GS: 0033   SS: 007b
9: 2013-09-28 01:28:49 <06314> Trap: 0000000e   Error: 00000004   OldMask: 00000000
10: 2013-09-28 01:28:49 <06314> ESP/signal: bffffc30   CR2: 00000000
11: 2013-09-28 01:28:49 <06314> Backtrace:
12: 2013-09-28 01:28:49 <06314> [0x401d185b] => ../lib/libc.so.6  liboffset 0012b85b
13: 2013-09-28 01:28:49 <06314> [0x0820c354] => /bin/proxyworker  
14: 2013-09-28 01:28:49 <06314> [0x0820d89b] => /bin/proxyworker  
15: 2013-09-28 01:28:49 <06314> [0x08213d94] => /bin/proxyworker  
16: 2013-09-28 01:28:49 <06314> [0x0820e16d] => /bin/proxyworker  
17: 2013-09-28 01:28:49 <06314> [0x0820f1d3] => /bin/proxyworker  
18: 2013-09-28 01:28:49 <06314> [0x08876918] => /bin/proxyworker  
19: 2013-09-28 01:28:49 <06314> [0x080770ca] => /bin/proxyworker  
20: 2013-09-28 01:28:49 <06314> [0x08075695] => /bin/proxyworker  
21: 2013-09-28 01:28:49 <06314> [0x400bf3e5] => ../lib/libc.so.6 (__libc_start_main+0x000000f5) 
22: 2013-09-28 01:28:49 liboffset 000193e5
23: 2013-09-28 01:28:49 <06314> [0x080758c1] => /bin/proxyworker  
24: 2013-09-28 01:28:49 <00042> proxyapp=proxyworker000 pid=6314 exittype=signal code=11
25: 2013-09-28 01:28:49 <00042> total=2019 free=445 shmfs_total=1660 shmfs_free=1655

FortiGate-VM # 
[2013-09-28 01:28:50] [FATAL] -> monitor detected issue on test case #29287
[2013-09-28 01:28:50] [FATAL] -> primitive has no name, type: delim, default value:  
[2013-09-28 01:28:50] [FATAL] -> crash dump:
1: 2013-09-28 01:28:50 <06316> firmware FortiGate-VM v5.00.4,build0228b228,130809 (Release)
2: 2013-09-28 01:28:50 <06316> application proxyworker
3: 2013-09-28 01:28:50 <06316> *** signal 11 (Segmentation fault) received ***
4: 2013-09-28 01:28:50 <06316> Register dump:
5: 2013-09-28 01:28:50 <06316> EAX: 0911a878   EBX: 40244ff4   ECX: 40c40000    EDX: 00000000
6: 2013-09-28 01:28:50 <06316> ESI: 00000000   EDI: 0000000a   EBP: 00000003    ESP: bffffc30
7: 2013-09-28 01:28:50 <06316> EIP: 401d185b   EFLAGS: 00010283
8: 2013-09-28 01:28:50 <06316> CS: 0073   DS: 007b   ES: 007b   FS: 0000   GS: 0033   SS: 007b
9: 2013-09-28 01:28:50 <06316> Trap: 0000000e   Error: 00000004   OldMask: 00000000
10: 2013-09-28 01:28:50 <06316> ESP/signal: bffffc30   CR2: 00000000
11: 2013-09-28 01:28:50 <06316> Backtrace:
12: 2013-09-28 01:28:50 <06316> [0x401d185b] => ../lib/libc.so.6  liboffset 0012b85b
13: 2013-09-28 01:28:50 <06316> [0x0820c354] => /bin/proxyworker  
14: 2013-09-28 01:28:50 <06316> [0x0820d89b] => /bin/proxyworker  
15: 2013-09-28 01:28:50 <06316> [0x08213d94] => /bin/proxyworker  
16: 2013-09-28 01:28:50 <06316> [0x0820e16d] => /bin/proxyworker  
17: 2013-09-28 01:28:50 <06316> [0x0820f1d3] => /bin/proxyworker  
18: 2013-09-28 01:28:50 <06316> [0x08876918] => /bin/proxyworker  
19: 2013-09-28 01:28:50 <06316> [0x080770ca] => /bin/proxyworker  
20: 2013-09-28 01:28:50 <06316> [0x08075695] => /bin/proxywo
[2013-09-28 01:28:50] [ERROR] -> crash threshold reached for this primitive, exhausting 29 mutants
[2013-09-28 01:28:50] [FATAL] -> monitor detected issue on test case #29318
[2013-09-28 01:28:50] [FATAL] -> primitive has no name, type: string, default value: fuzz
[2013-09-28 01:28:50] [FATAL] -> crash dump:
diag debug crash read
1: 2013-09-28 01:28:50 <06317> firmware FortiGate-VM v5.00.4,build0228b228,130809 (Release)
2: 2013-09-28 01:28:50 <06317> application proxyworker
3: 2013-09-28 01:28:50 <06317> *** signal 11 (Segmentation fault) received ***
4: 2013-09-28 01:28:50 <06317> Register dump:
5: 2013-09-28 01:28:50 <06317> EAX: 0911a878   EBX: 40244ff4   ECX: 40c40000    EDX: 00000000
6: 2013-09-28 01:28:50 <06317> ESI: 00000000   EDI: 0000000a   EBP: 00000003    ESP: bffffc30
7: 2013-09-28 01:28:50 <06317> EIP: 401d185b   EFLAGS: 00010283
8: 2013-09-28 01:28:50 <06317> CS: 0073   DS: 007b   ES: 007b   FS: 0000   GS: 0033   SS: 007b
9: 2013-09-28 01:28:50 <06317> Trap: 0000000e   Error: 00000004   OldMask: 00000000
10: 2013-09-28 01:28:50 <06317> ESP/signal: bffffc30   CR2: 00000000
11: 2013-09-28 01:28:50 <06317> Backtrace:
12: 2013-09-28 01:28:50 <06317> [0x401d185b] => ../lib/libc.so.6  liboffset 0012b85b
13: 2013-09-28 01:28:50 <06317> [0x0820c354] => /bin/proxyworker  
14: 2013-09-28 01:28:50 <06317> [0x0820d89b] => /bin/proxyworker  
15: 2013-09-28 01:28:50 <06317> [0x08213d94] => /bin/proxyworker  
16: 2013-09-28 01:28:50 <06317> [0x0820e16d] => /bin/proxyworker  
17: 2013-09-28 01:28:50 <06317> [0x0820f1d3] => /bin/proxyworker  
18: 2013-09-28 01:28:50 <06317> [0x08876918] => /bin/proxyworker  
19: 2013-09-28 01:28:50 <06317> [0x080770ca] => /bin/proxyworker  
20: 2013-09-28 01:28:50 <06317> [0x08075695] => /bin/proxyworker  
21: 2013-09-28 01:28:50 <06317> [0x400bf3e5] => ../lib/libc.so.6 (__libc_start_main+0x000000f5) 
22: 2013-09-28 01:28:50 liboffset 000193e5
23: 2013-09-28 01:28:50 <06317> [0x080758c1] => /bin/proxyworker  
24: 2013-09-28 01:28:50 <00042> proxyapp=proxyworker000 pid=6317 exittype=signal code=11
25: 2013-09-28 01:28:50 <00042> total=2019 free=445 shmfs_total=1660 shmfs_free=1655

FortiGate-VM # 
[2013-09-28 01:29:03] [FATAL] -> monitor detected issue on test case #29359
[2013-09-28 01:29:03] [FATAL] -> primitive has no name, type: string, default value: fuzz
[2013-09-28 01:29:03] [FATAL] -> crash dump:
1: 2013-09-28 01:29:03 <06318> firmware FortiGate-VM v5.00.4,build0228b228,130809 (Release)
2: 2013-09-28 01:29:03 <06318> application proxyworker
3: 2013-09-28 01:29:03 <06318> *** signal 11 (Segmentation fault) received ***
4: 2013-09-28 01:29:03 <06318> Register dump:
5: 2013-09-28 01:29:03 <06318> EAX: 0911a878   EBX: 40244ff4   ECX: 40c40000    EDX: 00000000
6: 2013-09-28 01:29:03 <06318> ESI: 00000000   EDI: 0000000a   EBP: 00000003    ESP: bffffc30
7: 2013-09-28 01:29:03 <06318> EIP: 401d185b   EFLAGS: 00010283
8: 2013-09-28 01:29:03 <06318> CS: 0073   DS: 007b   ES: 007b   FS: 0000   GS: 0033   SS: 007b
9: 2013-09-28 01:29:03 <06318> Trap: 0000000e   Error: 00000004   OldMask: 00000000
10: 2013-09-28 01:29:03 <06318> ESP/signal: bffffc30   CR2: 00000000
11: 2013-09-28 01:29:03 <06318> Backtrace:
12: 2013-09-28 01:29:03 <06318> [0x401d185b] => ../lib/libc.so.6  liboffset 0012b85b
13: 2013-09-28 01:29:03 <06318> [0x0820c354] => /bin/proxyworker  
14: 2013-09-28 01:29:03 <06318> [0x0820d89b] => /bin/proxyworker  
15: 2013-09-28 01:29:03 <06318> [0x08213d94] => /bin/proxyworker  
16: 2013-09-28 01:29:03 <06318> [0x0820e16d] => /bin/proxyworker  
17: 2013-09-28 01:29:03 <06318> [0x0820f1d3] => /bin/proxyworker  
18: 2013-09-28 01:29:03 <06318> [0x08876918] => /bin/proxyworker  
19: 2013-09-28 01:29:03 <06318> [0x080770ca] => /bin/proxyworker  
20: 2013-09-28 01:29:03 <06318> [0x08075695] => /bin/proxyworker  
21: 2013-09-28 01:29:03 <06318> [0x400bf3e5] => ../lib/libc.so.6 (__libc_start_main+0x000000f5) 
22: 2013-09-28 01:29:03 liboffset 000193e5
23: 2013-09-28 01:29:03 <06318> [0x080758c1] => /bin/proxyworker  
24: 2013-09-28 01:29:03 <00042> proxyapp=proxyworker000 pid=6318 exittype=signal code=11
25: 2013-09-28 01:29:03 <00042> total=2019 free=444 shmfs_total=1660 shmfs_free=1655

FortiGate-VM # 
[2013-09-28 02:33:54] [FATAL] -> monitor detected issue on test case #41641
[2013-09-28 02:33:54] [FATAL] -> primitive has no name, type: delim, default value:  
[2013-09-28 02:33:54] [FATAL] -> crash dump:
1: 2013-09-28 02:33:54 <06319> firmware FortiGate-VM v5.00.4,build0228b228,130809 (Release)
2: 2013-09-28 02:33:54 <06319> application proxyworker
3: 2013-09-28 02:33:54 <06319> *** signal 11 (Segmentation fault) received ***
4: 2013-09-28 02:33:54 <06319> Register dump:
5: 2013-09-28 02:33:54 <06319> EAX: 0a051f48   EBX: 00000000   ECX: 40c46012    EDX: 00000000
6: 2013-09-28 02:33:54 <06319> ESI: 00000008   EDI: 00000009   EBP: bffffc58    ESP: bffffc58
7: 2013-09-28 02:33:54 <06319> EIP: 0820c2e0   EFLAGS: 00010246
8: 2013-09-28 02:33:54 <06319> CS: 0073   DS: 007b   ES: 007b   FS: 0000   GS: 0033   SS: 007b
9: 2013-09-28 02:33:54 <06319> Trap: 0000000e   Error: 00000004   OldMask: 00000000
10: 2013-09-28 02:33:54 <06319> ESP/signal: bffffc58   CR2: 00000000
11: 2013-09-28 02:33:54 <06319> Backtrace:
12: 2013-09-28 02:33:54 <06319> [0x0820c2e0] => /bin/proxyworker  
13: 2013-09-28 02:33:54 <06319> [0x0820d89b] => /bin/proxyworker  
14: 2013-09-28 02:33:54 <06319> [0x08213d94] => /bin/proxyworker  
15: 2013-09-28 02:33:54 <06319> [0x0820e16d] => /bin/proxyworker  
16: 2013-09-28 02:33:54 <06319> [0x0820f1d3] => /bin/proxyworker  
17: 2013-09-28 02:33:54 <06319> [0x08876918] => /bin/proxyworker  
18: 2013-09-28 02:33:54 <06319> [0x080770ca] => /bin/proxyworker  
19: 2013-09-28 02:33:54 <06319> [0x08075695] => /bin/proxyworker  
20: 2013-09-28 02:33:54 <06319> [0x400bf3e5] => ../lib/libc.so.6 (__libc_start_main+0x000000f5) 
21: 2013-09-28 02:33:54 liboffset 000193e5
22: 2013-09-28 02:33:54 <06319> [0x080758c1] => /bin/proxyworker  
23: 2013-09-28 02:33:54 <00042> proxyapp=proxyworker000 pid=6319 exittype=signal code=11
24: 2013-09-28 02:33:54 <00042> total=2019 free=404 shmfs_total=1660 shmfs_free=1655

FortiGate-VM # 
[2013-09-28 02:33:54] [ERROR] -> crash threshold reached for this primitive, exhausting 39 mutants
[2013-09-28 02:33:54] [FATAL] -> monitor detected issue on test case #41681
[2013-09-28 02:33:54] [FATAL] -> primitive has no name, type: string, default value: fuzz
[2013-09-28 02:33:54] [FATAL] -> crash dump:
1: 2013-09-28 02:33:54 <06330> firmware FortiGate-VM v5.00.4,build0228b228,130809 (Release)
2: 2013-09-28 02:33:54 <06330> application proxyworker
3: 2013-09-28 02:33:54 <06330> *** signal 11 (Segmentation fault) received ***
4: 2013-09-28 02:33:54 <06330> Register dump:
5: 2013-09-28 02:33:54 <06330> EAX: 0a051a98   EBX: 00000000   ECX: 40c1400f    EDX: 00000000
6: 2013-09-28 02:33:54 <06330> ESI: 00000004   EDI: 00000009   EBP: bffffc58    ESP: bffffc58
7: 2013-09-28 02:33:54 <06330> EIP: 0820c2e0   EFLAGS: 00010246
8: 2013-09-28 02:33:54 <06330> CS: 0073   DS: 007b   ES: 007b   FS: 0000   GS: 0033   SS: 007b
9: 2013-09-28 02:33:54 <06330> Trap: 0000000e   Error: 00000004   OldMask: 00000000
10: 2013-09-28 02:33:54 <06330> ESP/signal: bffffc58   CR2: 00000000
11: 2013-09-28 02:33:54 <06330> Backtrace:
12: 2013-09-28 02:33:54 <06330> [0x0820c2e0] => /bin/proxyworker  
13: 2013-09-28 02:33:54 <06330> [0x0820d89b] => /bin/proxyworker  
14: 2013-09-28 02:33:54 <06330> [0x08213d94] => /bin/proxyworker  
15: 2013-09-28 02:33:54 <06330> [0x0820e16d] => /bin/proxyworker  
16: 2013-09-28 02:33:54 <06330> [0x0820f1d3] => /bin/proxyworker  
17: 2013-09-28 02:33:54 <06330> [0x08876918] => /bin/proxyworker  
18: 2013-09-28 02:33:54 <06330> [0x080770ca] => /bin/proxyworker  
19: 2013-09-28 02:33:54 <06330> [0x08075695] => /bin/proxyworker  
20: 2013-09-28 02:33:54 <06330> [0x400bf3e5] => ../lib/libc.so.6 (__libc_start_main+0x000000f5) 
21: 2013-09-28 02:33:54 liboffset 000193e5
22: 2013-09-28 02:33:54 <06330> [0x080758c1] => /bin/proxyworker  
23: 2013-09-28 02:33:54 <00042> proxyapp=proxyworker000 pid=6330 exittype=signal code=11
24: 2013-09-28 02:33:54 <00042> total=2019 free=405 shmfs_total=1660 shmfs_free=1656

FortiGate-VM # 
[2013-09-28 02:33:54] [ERROR] -> crash threshold reached for this primitive, exhausting 1076 mutants
[2013-09-28 02:40:42] [ERROR] -> write failed - Broken pipe
[2013-09-28 02:41:08] [ERROR] -> write failed - Broken pipe
[2013-09-28 02:41:34] [ERROR] -> write failed - Broken pipe
[2013-09-28 02:42:00] [ERROR] -> write failed - Broken pipe
[2013-09-28 02:42:26] [ERROR] -> write failed - Broken pipe
[2013-09-28 02:43:17] [ERROR] -> write failed - Broken pipe
[2013-09-28 02:43:43] [ERROR] -> write failed - Broken pipe
[2013-09-28 02:44:09] [ERROR] -> write failed - Broken pipe
[2013-09-28 02:44:35] [ERROR] -> write failed - Broken pipe
[2013-09-28 02:45:01] [ERROR] -> write failed - Broken pipe
[2013-09-28 02:45:27] [ERROR] -> write failed - Broken pipe
[2013-09-28 02:45:53] [ERROR] -> write failed - Broken pipe
[2013-09-28 02:46:25] [ERROR] -> write failed - Broken pipe
[2013-09-28 02:46:51] [ERROR] -> write failed - Broken pipe
[2013-09-28 02:47:42] [ERROR] -> write failed - Broken pipe
[2013-09-28 02:48:08] [ERROR] -> write failed - Broken pipe
[2013-09-28 02:48:34] [ERROR] -> write failed - Broken pipe
[2013-09-28 02:49:26] [ERROR] -> write failed - Broken pipe
[2013-09-28 02:50:17] [ERROR] -> write failed - Broken pipe
[2013-09-28 02:50:43] [ERROR] -> write failed - Broken pipe
[2013-09-28 02:51:09] [ERROR] -> write failed - Broken pipe
[2013-09-28 05:20:24] [ERROR] -> write failed - Broken pipe
[2013-09-28 05:20:50] [ERROR] -> write failed - Broken pipe
[2013-09-28 05:21:16] [ERROR] -> write failed - Connection reset by peer
[2013-09-28 05:21:42] [ERROR] -> write failed - Broken pipe
[2013-09-28 05:23:25] [ERROR] -> write failed - Broken pipe
[2013-09-28 05:24:17] [ERROR] -> write failed - Broken pipe
[2013-09-28 05:24:17] [ERROR] -> write failed - Broken pipe
[2013-09-28 05:26:01] [ERROR] -> write failed - Connection reset by peer
[2013-09-28 05:26:53] [ERROR] -> write failed - Connection reset by peer
[2013-09-28 05:27:44] [ERROR] -> write failed - Broken pipe
[2013-09-28 05:29:02] [ERROR] -> write failed - Broken pipe
[2013-09-28 05:31:12] [ERROR] -> write failed - Connection reset by peer
[2013-09-28 05:31:37] [ERROR] -> write failed - Broken pipe
[2013-09-28 05:32:03] [ERROR] -> write failed - Broken pipe
[2013-09-28 05:33:21] [ERROR] -> write failed - Broken pipe
[2013-09-28 05:33:47] [ERROR] -> write failed - Broken pipe
[2013-09-28 05:34:13] [ERROR] -> write failed - Broken pipe
[2013-09-28 05:35:31] [ERROR] -> write failed - Broken pipe
[2013-09-28 05:35:57] [ERROR] -> write failed - Broken pipe
[2013-09-28 05:59:35] [ERROR] -> write failed - Broken pipe
[2013-09-28 05:59:35] [ERROR] -> write failed - Broken pipe
[2013-09-28 06:00:27] [ERROR] -> write failed - Connection reset by peer
[2013-09-28 06:00:53] [ERROR] -> write failed - Connection reset by peer
[2013-09-28 06:01:22] [ERROR] -> write failed - Broken pipe
[2013-09-28 06:01:22] [ERROR] -> write failed - Broken pipe
[2013-09-28 06:01:48] [ERROR] -> write failed - Broken pipe
[2013-09-28 06:03:31] [ERROR] -> write failed - Connection reset by peer
[2013-09-28 06:03:57] [ERROR] -> write failed - Broken pipe
[2013-09-28 06:06:07] [ERROR] -> write failed - Broken pipe
[2013-09-28 06:06:07] [ERROR] -> write failed - Broken pipe
[2013-09-28 06:08:43] [ERROR] -> write failed - Broken pipe
[2013-09-28 06:09:09] [ERROR] -> write failed - Connection reset by peer
[2013-09-28 06:10:52] [ERROR] -> write failed - Broken pipe
[2013-09-28 06:11:18] [ERROR] -> write failed - Broken pipe
[2013-09-28 06:11:44] [ERROR] -> write failed - Connection reset by peer
[2013-09-28 06:13:28] [ERROR] -> write failed - Broken pipe
[2013-09-28 06:13:28] [ERROR] -> write failed - Broken pipe
[2013-09-28 06:13:54] [ERROR] -> write failed - Connection reset by peer
[2013-09-28 06:14:20] [ERROR] -> write failed - Broken pipe
[2013-09-28 06:16:29] [ERROR] -> write failed - Connection reset by peer
[2013-09-28 06:17:47] [ERROR] -> write failed - Broken pipe
[2013-09-28 06:18:13] [ERROR] -> write failed - Connection reset by peer
[2013-09-28 06:18:39] [ERROR] -> write failed - Broken pipe
[2013-09-28 06:19:05] [ERROR] -> write failed - Broken pipe
[2013-09-28 06:21:14] [ERROR] -> write failed - Connection reset by peer
[2013-09-28 06:47:27] [ERROR] -> write failed - Broken pipe
[2013-09-28 06:47:27] [ERROR] -> write failed - Broken pipe
[2013-09-28 06:47:53] [ERROR] -> write failed - Broken pipe
[2013-09-28 06:50:28] [ERROR] -> write failed - Broken pipe
[2013-09-28 06:52:12] [ERROR] -> write failed - Broken pipe
[2013-09-28 06:52:37] [ERROR] -> write failed - Broken pipe
[2013-09-28 06:53:03] [ERROR] -> write failed - Broken pipe
[2013-09-28 06:53:55] [ERROR] -> write failed - Connection reset by peer
